0 info it worked if it ends with ok
1 verbose cli [ 'c:\\Program Files\\nodejs\\node.exe',
1 verbose cli   'c:\\Program Files\\nodejs\\node_modules\\npm\\bin\\npm-cli.js',
1 verbose cli   'start' ]
2 info using npm@3.3.6
3 info using node@v5.0.0
4 verbose run-script [ 'prestart', 'start', 'poststart' ]
5 info lifecycle nojs-react@1.0.31~prestart: nojs-react@1.0.31
6 silly lifecycle nojs-react@1.0.31~prestart: no script for prestart, continuing
7 info lifecycle nojs-react@1.0.31~start: nojs-react@1.0.31
8 verbose lifecycle nojs-react@1.0.31~start: unsafe-perm in lifecycle true
9 verbose lifecycle nojs-react@1.0.31~start: PATH: c:\Program Files\nodejs\node_modules\npm\bin\node-gyp-bin;e:\nojs-react\node_modules\.bin;c:\Users\nolure.zhao\bin;.;C:\Program Files (x86)\Git\local\bin;C:\Program Files (x86)\Git\mingw\bin;C:\Program Files (x86)\Git\bin;c:\ProgramData\Oracle\Java\javapath;c:\WINDOWS\system32;c:\WINDOWS;c:\WINDOWS\System32\Wbem;c:\WINDOWS\System32\WindowsPowerShell\v1.0\;c:\Program Files\TortoiseSVN\bin;d:\mongodb\bin;c:\Program Files\Java\jdk1.8.0_60\bin;d:\apache-ant-1.9.4\bin;c:\Program Files (x86)\Windows Kits\10\Windows Performance Toolkit\;d:\adt\sdk\tools;d:\adt\sdk\platform-tools;c:\Program Files\nodejs\;c:\Program Files (x86)\Java\jre1.8.0_45\bin;c:\Users\nolure.zhao\AppData\Roaming\npm
10 verbose lifecycle nojs-react@1.0.31~start: CWD: e:\nojs-react
11 silly lifecycle nojs-react@1.0.31~start: Args: [ '/d /s /c', 'node ./server.js' ]
12 silly lifecycle nojs-react@1.0.31~start: Returned: code: 1  signal: null
13 info lifecycle nojs-react@1.0.31~start: Failed to exec start script
14 verbose stack Error: nojs-react@1.0.31 start: `node ./server.js`
14 verbose stack Exit status 1
14 verbose stack     at EventEmitter.<anonymous> (c:\Program Files\nodejs\node_modules\npm\lib\utils\lifecycle.js:233:16)
14 verbose stack     at emitTwo (events.js:87:13)
14 verbose stack     at EventEmitter.emit (events.js:172:7)
14 verbose stack     at ChildProcess.<anonymous> (c:\Program Files\nodejs\node_modules\npm\lib\utils\spawn.js:24:14)
14 verbose stack     at emitTwo (events.js:87:13)
14 verbose stack     at ChildProcess.emit (events.js:172:7)
14 verbose stack     at maybeClose (internal/child_process.js:818:16)
14 verbose stack     at Process.ChildProcess._handle.onexit (internal/child_process.js:211:5)
15 verbose pkgid nojs-react@1.0.31
16 verbose cwd e:\nojs-react
17 error Windows_NT 10.0.10586
18 error argv "c:\\Program Files\\nodejs\\node.exe" "c:\\Program Files\\nodejs\\node_modules\\npm\\bin\\npm-cli.js" "start"
19 error node v5.0.0
20 error npm  v3.3.6
21 error code ELIFECYCLE
22 error nojs-react@1.0.31 start: `node ./server.js`
22 error Exit status 1
23 error Failed at the nojs-react@1.0.31 start script 'node ./server.js'.
23 error This is most likely a problem with the nojs-react package,
23 error not with npm itself.
23 error Tell the author that this fails on your system:
23 error     node ./server.js
23 error You can get their info via:
23 error     npm owner ls nojs-react
23 error There is likely additional logging output above.
24 verbose exit [ 1, true ]
